2020.12.24 15:01:54 INFO  Started: Metals version 0.9.8 in workspace 'C:\Users\Abdoulaye SARR\Documents\mes_projet_scala\scala-play-angular-seed' for client vscode.
2020.12.24 15:02:01 INFO  time: initialize in 7.23s
2020.12.24 15:02:11 WARN  Build server is not auto-connectable.
2020.12.24 15:07:59 WARN  no build target for: C:\Users\Abdoulaye SARR\Documents\mes_projet_scala\scala-play-angular-seed\project\FrontendCommands.scala
2020.12.24 22:39:46 INFO  Started: Metals version 0.9.8 in workspace '/home/abdoulayesarr/scala_project/scala-play-angular-seed' for client vscode.
2020.12.24 22:39:48 INFO  time: initialize in 2.14s
2020.12.24 22:39:54 WARN  Build server is not auto-connectable.
2020.12.24 23:15:29 WARN  no build target for: /home/abdoulayesarr/scala_project/scala-play-angular-seed/app/controllers/HomeController.scala
2020.12.24 23:15:42 INFO  no build target: using presentation compiler with only scala-library
déc. 24, 2020 11:15:42 PM org.eclipse.lsp4j.jsonrpc.RemoteEndpoint handleCancellation
AVERTISSEMENT: Unmatched cancel notification for request id 1
déc. 24, 2020 11:15:43 PM org.eclipse.lsp4j.jsonrpc.RemoteEndpoint handleCancellation
AVERTISSEMENT: Unmatched cancel notification for request id 7
déc. 24, 2020 11:15:43 PM org.eclipse.lsp4j.jsonrpc.RemoteEndpoint handleCancellation
AVERTISSEMENT: Unmatched cancel notification for request id 8
déc. 24, 2020 11:15:43 PM org.eclipse.lsp4j.jsonrpc.RemoteEndpoint handleCancellation
AVERTISSEMENT: Unmatched cancel notification for request id 10
2020.12.24 23:18:17 WARN  no build target for: /home/abdoulayesarr/scala_project/scala-play-angular-seed/app/controllers/FrontendController.scala
déc. 24, 2020 11:19:02 PM org.eclipse.lsp4j.jsonrpc.RemoteEndpoint handleCancellation
AVERTISSEMENT: Unmatched cancel notification for request id 65
2020.12.24 23:19:06 WARN  no build target for: /home/abdoulayesarr/scala_project/scala-play-angular-seed/app/Module.scala
2020.12.24 23:19:19 WARN  no build target for: /home/abdoulayesarr/scala_project/scala-play-angular-seed/app/controllers/HomeController.scala
2020.12.25 00:54:09 INFO  shutting down Metals
2020.12.25 12:32:48 INFO  Started: Metals version 0.9.8 in workspace '/home/abdoulayesarr/scala_project/uvs_projet_scala-play-angular' for client vscode.
2020.12.25 12:32:51 INFO  time: initialize in 2.91s
2020.12.25 12:32:54 WARN  Build server is not auto-connectable.
2020.12.25 12:32:54 WARN  no build target for: /home/abdoulayesarr/scala_project/uvs_projet_scala-play-angular/build.sbt
2020.12.25 12:33:02 INFO  no build target: using presentation compiler with only scala-library
déc. 25, 2020 12:33:03 PM org.eclipse.lsp4j.jsonrpc.RemoteEndpoint handleCancellation
AVERTISSEMENT: Unmatched cancel notification for request id 2
